-------------------------------------------------------------------------------
Test set: io.pivotal.microservices.pact.ConsumerPortTest
-------------------------------------------------------------------------------
Tests run: 1, Failures: 1, Errors: 0, Skipped: 0, Time elapsed: 1.757 sec <<< FAILURE!
runTest(io.pivotal.microservices.pact.ConsumerPortTest)  Time elapsed: 1.752 sec  <<< FAILURE!
java.lang.AssertionError: Pact Test function failed with an exception: Could not extract response: no suitable HttpMessageConverter found for response type [java.util.List<io.pivotal.microservices.pact.consumer.Foo>] and content type [application/octet-stream]
	at au.com.dius.pact.consumer.BaseProviderRule.validateResult(BaseProviderRule.java:164)
	at au.com.dius.pact.consumer.BaseProviderRule$1.evaluate(BaseProviderRule.java:77)
	at org.junit.rules.RunRules.evaluate(RunRules.java:20)
	at org.junit.runners.ParentRunner.runLeaf(ParentRunner.java:325)
	at org.junit.runners.BlockJUnit4ClassRunner.runChild(BlockJUnit4ClassRunner.java:78)
	at org.junit.runners.BlockJUnit4ClassRunner.runChild(BlockJUnit4ClassRunner.java:57)
	at org.junit.runners.ParentRunner$3.run(ParentRunner.java:290)
	at org.junit.runners.ParentRunner$1.schedule(ParentRunner.java:71)
	at org.junit.runners.ParentRunner.runChildren(ParentRunner.java:288)
	at org.junit.runners.ParentRunner.access$000(ParentRunner.java:58)
	at org.junit.runners.ParentRunner$2.evaluate(ParentRunner.java:268)
	at org.junit.runners.ParentRunner.run(ParentRunner.java:363)
	at org.apache.maven.surefire.junit4.JUnit4Provider.execute(JUnit4Provider.java:252)
	at org.apache.maven.surefire.junit4.JUnit4Provider.executeTestSet(JUnit4Provider.java:141)
	at org.apache.maven.surefire.junit4.JUnit4Provider.invoke(JUnit4Provider.java:112)
	at sun.reflect.NativeMethodAccessorImpl.invoke0(Native Method)
	at sun.reflect.NativeMethodAccessorImpl.invoke(NativeMethodAccessorImpl.java:62)
	at sun.reflect.DelegatingMethodAccessorImpl.invoke(DelegatingMethodAccessorImpl.java:43)
	at java.lang.reflect.Method.invoke(Method.java:498)
	at org.apache.maven.surefire.util.ReflectionUtils.invokeMethodWithArray(ReflectionUtils.java:189)
	at org.apache.maven.surefire.booter.ProviderFactory$ProviderProxy.invoke(ProviderFactory.java:165)
	at org.apache.maven.surefire.booter.ProviderFactory.invokeProvider(ProviderFactory.java:85)
	at org.apache.maven.surefire.booter.ForkedBooter.runSuitesInProcess(ForkedBooter.java:115)
	at org.apache.maven.surefire.booter.ForkedBooter.main(ForkedBooter.java:75)
Caused by: org.springframework.web.client.RestClientException: Could not extract response: no suitable HttpMessageConverter found for response type [java.util.List<io.pivotal.microservices.pact.consumer.Foo>] and content type [application/octet-stream]
	at org.springframework.web.client.HttpMessageConverterExtractor.extractData(HttpMessageConverterExtractor.java:110)
	at org.springframework.web.client.RestTemplate$ResponseEntityResponseExtractor.extractData(RestTemplate.java:917)
	at org.springframework.web.client.RestTemplate$ResponseEntityResponseExtractor.extractData(RestTemplate.java:901)
	at org.springframework.web.client.RestTemplate.doExecute(RestTemplate.java:655)
	at org.springframework.web.client.RestTemplate.execute(RestTemplate.java:613)
	at org.springframework.web.client.RestTemplate.exchange(RestTemplate.java:559)
	at io.pivotal.microservices.pact.consumer.ConsumerPort.foos(ConsumerPort.java:26)
	at io.pivotal.microservices.pact.ConsumerPortTest.runTest(ConsumerPortTest.java:42)
	at sun.reflect.NativeMethodAccessorImpl.invoke0(Native Method)
	at sun.reflect.NativeMethodAccessorImpl.invoke(NativeMethodAccessorImpl.java:62)
	at sun.reflect.DelegatingMethodAccessorImpl.invoke(DelegatingMethodAccessorImpl.java:43)
	at java.lang.reflect.Method.invoke(Method.java:498)
	at org.junit.runners.model.FrameworkMethod$1.runReflectiveCall(FrameworkMethod.java:50)
	at org.junit.internal.runners.model.ReflectiveCallable.run(ReflectiveCallable.java:12)
	at org.junit.runners.model.FrameworkMethod.invokeExplosively(FrameworkMethod.java:47)
	at org.junit.internal.runners.statements.InvokeMethod.evaluate(InvokeMethod.java:17)
	at au.com.dius.pact.consumer.BaseProviderRule.lambda$runPactTest$1(BaseProviderRule.java:150)
	at au.com.dius.pact.consumer.BaseMockServer.runAndWritePact(MockHttpServer.kt:152)
	at au.com.dius.pact.consumer.ConsumerPactRunnerKt.runConsumerTest(ConsumerPactRunner.kt:13)
	at au.com.dius.pact.consumer.BaseProviderRule.runPactTest(BaseProviderRule.java:148)
	at au.com.dius.pact.consumer.BaseProviderRule.access$100(BaseProviderRule.java:21)
	at au.com.dius.pact.consumer.BaseProviderRule$1.evaluate(BaseProviderRule.java:76)
	... 22 more

